<?xml version="1.0" encoding="UTF-8"?>
<!-- Generated by org.testng.reporters.JUnitReportReporter -->
<testsuite hostname="DESKTOP-PLTB7U0" name="com.dywl.iot.testCase.RTU.RTU_Add_Page" tests="4" failures="0" timestamp="21 Apr 2020 08:39:05 GMT" time="69.533" errors="0">
  <testcase name="addWithNogprs" time="7.294" classname="com.dywl.iot.testCase.RTU.RTU_Add_Page"/>
  <testcase name="addWithNoRtuNum" time="15.859" classname="com.dywl.iot.testCase.RTU.RTU_Add_Page"/>
  <testcase name="addRtu" time="38.145" classname="com.dywl.iot.testCase.RTU.RTU_Add_Page"/>
  <testcase name="addWithNoScene" time="8.235" classname="com.dywl.iot.testCase.RTU.RTU_Add_Page"/>
</testsuite> <!-- com.dywl.iot.testCase.RTU.RTU_Add_Page -->
