<?xml version="1.0" encoding="UTF-8"?>
<!-- Generated by org.testng.reporters.JUnitReportReporter -->
<testsuite hostname="DESKTOP-PLTB7U0" name="com.dywl.iot.testCase.Dandeng.SendML" tests="3" failures="0" timestamp="2 Apr 2020 07:11:01 GMT" time="162.398" errors="0">
  <testcase name="send" time="53.950" classname="com.dywl.iot.testCase.Dandeng.SendML"/>
  <testcase name="send" time="54.316" classname="com.dywl.iot.testCase.Dandeng.SendML"/>
  <testcase name="send" time="54.132" classname="com.dywl.iot.testCase.Dandeng.SendML"/>
</testsuite> <!-- com.dywl.iot.testCase.Dandeng.SendML -->
