<?xml version="1.0" encoding="UTF-8"?>
<!-- Generated by org.testng.reporters.JUnitReportReporter -->
<testsuite hostname="DESKTOP-PLTB7U0" name="com.dywl.iot.testCase.RTU.Success_Add_Test" tests="1" failures="0" timestamp="12 May 2020 08:23:09 GMT" time="9.861" errors="0">
  <testcase name="addRtu" time="9.861" classname="com.dywl.iot.testCase.RTU.Success_Add_Test"/>
</testsuite> <!-- com.dywl.iot.testCase.RTU.Success_Add_Test -->
