<?xml version="1.0" encoding="UTF-8"?>
<!-- Generated by org.testng.reporters.JUnitReportReporter -->
<testsuite hostname="DESKTOP-PLTB7U0" name="com.dywl.iot.testCase.RTU.RTU_Add_Page" tests="4" failures="0" timestamp="14 Apr 2020 07:40:43 GMT" time="53.847" errors="0">
  <testcase name="addWithNoRtuNum" time="14.676" classname="com.dywl.iot.testCase.RTU.RTU_Add_Page"/>
  <testcase name="addRtu" time="21.003" classname="com.dywl.iot.testCase.RTU.RTU_Add_Page"/>
  <testcase name="addWithNoScene" time="8.778" classname="com.dywl.iot.testCase.RTU.RTU_Add_Page"/>
  <testcase name="addWithNogprs" time="9.390" classname="com.dywl.iot.testCase.RTU.RTU_Add_Page"/>
</testsuite> <!-- com.dywl.iot.testCase.RTU.RTU_Add_Page -->
