<?xml version="1.0" encoding="UTF-8"?>
<!-- Generated by org.testng.reporters.JUnitReportReporter -->
<testsuite hostname="DESKTOP-PLTB7U0" name="com.dywl.iot.testCase.RTU.Rtu_Add_Success" tests="1" failures="0" timestamp="22 Apr 2020 07:08:29 GMT" time="19.271" errors="0">
  <testcase name="addRtu" time="19.271" classname="com.dywl.iot.testCase.RTU.Rtu_Add_Success"/>
</testsuite> <!-- com.dywl.iot.testCase.RTU.Rtu_Add_Success -->
