<?xml version="1.0" encoding="UTF-8"?>
<!-- Generated by org.testng.reporters.JUnitReportReporter -->
<testsuite hostname="DESKTOP-PLTB7U0" name="com.dywl.iot.testCase.Cover.Success_Add_Test" tests="1" failures="0" timestamp="18 Mar 2020 08:47:53 GMT" time="4.374" errors="0">
  <testcase name="addCover" time="4.374" classname="com.dywl.iot.testCase.Cover.Success_Add_Test"/>
</testsuite> <!-- com.dywl.iot.testCase.Cover.Success_Add_Test -->
