<?xml version="1.0" encoding="UTF-8"?>
<!-- Generated by org.testng.reporters.JUnitReportReporter -->
<testsuite hostname="DESKTOP-PLTB7U0" name="com.dywl.iot.testCase.Guard.Guard_Add_Failure" tests="2" failures="0" timestamp="27 Apr 2020 05:38:30 GMT" time="41.369" errors="0">
  <testcase name="addNoHostName" time="20.616" classname="com.dywl.iot.testCase.Guard.Guard_Add_Failure"/>
  <testcase name="addNoEquipmentNumber" time="20.753" classname="com.dywl.iot.testCase.Guard.Guard_Add_Failure"/>
</testsuite> <!-- com.dywl.iot.testCase.Guard.Guard_Add_Failure -->
