<?xml version="1.0" encoding="UTF-8"?>
<!-- Generated by org.testng.reporters.JUnitReportReporter -->
<testsuite hostname="DESKTOP-PLTB7U0" name="com.dywl.iot.testCase.Cover.Success_Add_Test" tests="1" failures="0" timestamp="27 Apr 2020 05:38:30 GMT" time="9.854" errors="0">
  <testcase name="addCover" time="9.854" classname="com.dywl.iot.testCase.Cover.Success_Add_Test"/>
</testsuite> <!-- com.dywl.iot.testCase.Cover.Success_Add_Test -->
