<?xml version="1.0" encoding="UTF-8"?>
<!-- Generated by org.testng.reporters.JUnitReportReporter -->
<testsuite hostname="DESKTOP-PLTB7U0" name="com.dywl.iot.testCase.Lamp.Add_Lamp_Page" tests="1" failures="0" timestamp="21 Apr 2020 05:50:26 GMT" time="16.147" errors="0">
  <testcase name="addLamp" time="16.147" classname="com.dywl.iot.testCase.Lamp.Add_Lamp_Page"/>
</testsuite> <!-- com.dywl.iot.testCase.Lamp.Add_Lamp_Page -->
