<?xml version="1.0" encoding="UTF-8"?>
<!-- Generated by org.testng.reporters.JUnitReportReporter -->
<testsuite hostname="DESKTOP-PLTB7U0" name="com.dywl.iot.testCase.User.Success_Add_Test" tests="1" failures="0" timestamp="12 May 2020 02:57:48 GMT" time="26.384" errors="0">
  <testcase name="addUser" time="26.384" classname="com.dywl.iot.testCase.User.Success_Add_Test"/>
</testsuite> <!-- com.dywl.iot.testCase.User.Success_Add_Test -->
