<?xml version="1.0" encoding="UTF-8"?>
<!-- Generated by org.testng.reporters.JUnitReportReporter -->
<testsuite hostname="DESKTOP-PLTB7U0" name="com.dywl.iot.testCase.Lamp.Success_Add_Test" tests="1" failures="0" timestamp="12 May 2020 10:16:14 GMT" time="47.792" errors="0">
  <testcase name="addLamp" time="47.792" classname="com.dywl.iot.testCase.Lamp.Success_Add_Test"/>
</testsuite> <!-- com.dywl.iot.testCase.Lamp.Success_Add_Test -->
