<?xml version="1.0" encoding="UTF-8"?>
<!-- Generated by org.testng.reporters.JUnitReportReporter -->
<testsuite hostname="DESKTOP-PLTB7U0" name="com.dywl.iot.testCase.RTU.Rtu_Add_Failure" tests="3" failures="0" timestamp="22 Apr 2020 07:08:29 GMT" time="30.566" errors="0">
  <testcase name="addWithNoRtuNum" time="14.932" classname="com.dywl.iot.testCase.RTU.Rtu_Add_Failure"/>
  <testcase name="addWithNoScene" time="8.446" classname="com.dywl.iot.testCase.RTU.Rtu_Add_Failure"/>
  <testcase name="addWithNogprs" time="7.188" classname="com.dywl.iot.testCase.RTU.Rtu_Add_Failure"/>
</testsuite> <!-- com.dywl.iot.testCase.RTU.Rtu_Add_Failure -->
