<?xml version="1.0" encoding="UTF-8"?>
<!-- Generated by org.testng.reporters.JUnitReportReporter -->
<testsuite hostname="DESKTOP-PLTB7U0" name="com.dywl.iot.testCase.User.Success_Add_Page" tests="1" failures="0" timestamp="27 Apr 2020 05:38:30 GMT" time="24.296" errors="0">
  <testcase name="addUser" time="24.296" classname="com.dywl.iot.testCase.User.Success_Add_Page"/>
</testsuite> <!-- com.dywl.iot.testCase.User.Success_Add_Page -->
