<?xml version="1.0" encoding="UTF-8"?>
<!-- Generated by org.testng.reporters.JUnitReportReporter -->
<testsuite hostname="DESKTOP-PLTB7U0" name="com.dywl.iot.testCase.Lamp.Lamp_Add_Success" tests="1" failures="0" timestamp="27 Apr 2020 05:38:30 GMT" time="13.639" errors="0">
  <testcase name="addLamp" time="13.639" classname="com.dywl.iot.testCase.Lamp.Lamp_Add_Success"/>
</testsuite> <!-- com.dywl.iot.testCase.Lamp.Lamp_Add_Success -->
