<?xml version="1.0" encoding="UTF-8"?>
<!-- Generated by org.testng.reporters.JUnitReportReporter -->
<testsuite hostname="DESKTOP-PLTB7U0" name="com.dywl.iot.testCase.Work.AddWork" tests="1" failures="0" timestamp="5 Dec 2019 05:56:02 GMT" time="32.786" errors="0">
  <testcase name="add_work" time="32.786" classname="com.dywl.iot.testCase.Work.AddWork"/>
</testsuite> <!-- com.dywl.iot.testCase.Work.AddWork -->
