<?xml version="1.0" encoding="UTF-8"?>
<!-- Generated by org.testng.reporters.JUnitReportReporter -->
<testsuite hostname="DESKTOP-PLTB7U0" name="com.dywl.iot.testCase.RTU.RTU" tests="1" failures="0" timestamp="21 Apr 2020 09:54:07 GMT" time="12.966" errors="0">
  <testcase name="addRtu" time="12.966" classname="com.dywl.iot.testCase.RTU.RTU"/>
</testsuite> <!-- com.dywl.iot.testCase.RTU.RTU -->
