<?xml version="1.0" encoding="UTF-8"?>
<!-- Generated by org.testng.reporters.JUnitReportReporter -->
<testsuite hostname="DESKTOP-PLTB7U0" name="com.dywl.iot.testCase.Lamp.Add_Lamp_Page" tests="1" failures="0" timestamp="18 Mar 2020 12:13:55 GMT" time="20.194" errors="0">
  <testcase name="addLamp" time="20.194" classname="com.dywl.iot.testCase.Lamp.Add_Lamp_Page"/>
</testsuite> <!-- com.dywl.iot.testCase.Lamp.Add_Lamp_Page -->
